mode: set
github.com/benj3coll/bookings/internal/forms/errors.go:6.44,8.2 1 1
github.com/benj3coll/bookings/internal/forms/errors.go:11.42,13.18 2 1
github.com/benj3coll/bookings/internal/forms/errors.go:13.18,15.3 1 1
github.com/benj3coll/bookings/internal/forms/errors.go:17.2,17.14 1 1
github.com/benj3coll/bookings/internal/forms/forms.go:18.29,20.2 1 1
github.com/benj3coll/bookings/internal/forms/forms.go:23.43,24.31 1 1
github.com/benj3coll/bookings/internal/forms/forms.go:24.31,26.37 2 1
github.com/benj3coll/bookings/internal/forms/forms.go:26.37,28.4 1 1
github.com/benj3coll/bookings/internal/forms/forms.go:33.33,38.2 1 1
github.com/benj3coll/bookings/internal/forms/forms.go:41.39,44.2 2 1
github.com/benj3coll/bookings/internal/forms/forms.go:47.57,49.21 2 1
github.com/benj3coll/bookings/internal/forms/forms.go:49.21,52.3 2 1
github.com/benj3coll/bookings/internal/forms/forms.go:53.2,53.13 1 1
github.com/benj3coll/bookings/internal/forms/forms.go:57.38,58.40 1 1
github.com/benj3coll/bookings/internal/forms/forms.go:58.40,60.3 1 1
